2022-07-29 10:43:33,319 INFO  [Log] search_a_product() PASSED
2022-07-29 10:43:37,787 INFO  [Log] select_a_product() PASSED 
2022-07-29 10:43:41,987 INFO  [Log] add_product_to_cart() PASSED 
2022-07-29 10:43:44,760 INFO  [Log] go_to_cart() PASSED 
2022-07-29 10:44:28,707 INFO  [Log] search_a_product() PASSED 
2022-07-29 10:44:33,257 INFO  [Log] select_a_product() PASSED 
2022-07-29 10:44:36,017 INFO  [Log] add_product_to_cart() PASSED 
2022-07-29 10:44:38,686 INFO  [Log] go_to_cart() PASSED 
2022-07-29 11:27:11,413 INFO  [Log] search_a_product() PASSED 
2022-07-29 11:27:15,850 INFO  [Log] select_a_product() PASSED 
2022-07-29 11:27:20,921 INFO  [Log] add_product_to_cart() PASSED 
2022-07-29 11:27:23,833 INFO  [Log] go_to_cart() PASSED 
2022-07-30 11:10:52,599 INFO  [Log] search_a_product() PASSED 
2022-07-30 11:10:56,352 INFO  [Log] select_a_product() PASSED 
2022-07-30 11:10:58,194 INFO  [Log] add_product_to_cart() PASSED 
2022-07-30 11:11:00,814 INFO  [Log] go_to_cart() PASSED 
2022-07-30 11:11:58,480 INFO  [Log] search_a_product() PASSED 
2022-07-30 11:12:02,620 INFO  [Log] select_a_product() PASSED 
2022-07-30 11:12:07,549 INFO  [Log] add_product_to_cart() PASSED 
2022-07-30 11:12:09,643 INFO  [Log] go_to_cart() PASSED 
2022-07-30 11:12:09,758 ERROR [Log] is_current_product() FAILED :no such element: Unable to locate element: {"method":"css selector","selector":"#productTitle"}
  (Session info: chrome=103.0.5060.134)
For documentation on this error, please visit: https://www.seleniumhq.org/exceptions/no_such_element.html
Build info: version: '3.141.59', revision: 'e82be7d358', time: '2018-11-14T08:17:03'
System info: host: 'NRD5CG5396W33', ip: '192.168.1.34', os.name: 'Windows 10', os.arch: 'amd64', os.version: '10.0', java.version: '18.0.2'
Driver info: org.openqa.selenium.chrome.ChromeDriver
Capabilities {acceptInsecureCerts: false, browserName: chrome, browserVersion: 103.0.5060.134, chrome: {chromedriverVersion: 103.0.5060.134 (8ec6fce403b..., userDataDir: C:\Users\basevim\AppData\Lo...}, goog:chromeOptions: {debuggerAddress: localhost:58145}, javascriptEnabled: true, networkConnectionEnabled: false, pageLoadStrategy: normal, platform: WINDOWS, platformName: WINDOWS, proxy: Proxy(), setWindowRect: true, strictFileInteractability: false, timeouts: {implicit: 0, pageLoad: 300000, script: 30000}, unhandledPromptBehavior: dismiss and notify, webauthn:extension:credBlob: true, webauthn:extension:largeBlob: true, webauthn:virtualAuthenticators: true}
Session ID: 205d811b2d28fb6cbf4f5472cc19ef13
*** Element info: {Using=id, value=productTitle} 
2022-07-30 11:17:40,341 INFO  [Log] search_a_product() PASSED 
2022-07-30 11:17:43,810 INFO  [Log] select_a_product() PASSED 
2022-07-30 11:17:46,032 INFO  [Log] add_product_to_cart() PASSED 
2022-07-30 11:17:48,325 INFO  [Log] go_to_cart() PASSED 
2022-07-30 11:17:48,420 ERROR [Log] is_current_product() FAILED :no such element: Unable to locate element: {"method":"css selector","selector":"#productTitle"}
  (Session info: chrome=103.0.5060.134)
For documentation on this error, please visit: https://www.seleniumhq.org/exceptions/no_such_element.html
Build info: version: '3.141.59', revision: 'e82be7d358', time: '2018-11-14T08:17:03'
System info: host: 'NRD5CG5396W33', ip: '192.168.1.34', os.name: 'Windows 10', os.arch: 'amd64', os.version: '10.0', java.version: '18.0.2'
Driver info: org.openqa.selenium.chrome.ChromeDriver
Capabilities {acceptInsecureCerts: false, browserName: chrome, browserVersion: 103.0.5060.134, chrome: {chromedriverVersion: 103.0.5060.134 (8ec6fce403b..., userDataDir: C:\Users\basevim\AppData\Lo...}, goog:chromeOptions: {debuggerAddress: localhost:58404}, javascriptEnabled: true, networkConnectionEnabled: false, pageLoadStrategy: normal, platform: WINDOWS, platformName: WINDOWS, proxy: Proxy(), setWindowRect: true, strictFileInteractability: false, timeouts: {implicit: 0, pageLoad: 300000, script: 30000}, unhandledPromptBehavior: dismiss and notify, webauthn:extension:credBlob: true, webauthn:extension:largeBlob: true, webauthn:virtualAuthenticators: true}
Session ID: 05a4bb41bd53805ac466d27dd05c5dd7
*** Element info: {Using=id, value=productTitle} 
2022-07-30 11:21:17,803 INFO  [Log] search_a_product() PASSED 
2022-07-30 11:21:21,921 INFO  [Log] select_a_product() PASSED 
2022-07-30 11:21:26,100 INFO  [Log] add_product_to_cart() PASSED 
2022-07-30 11:21:28,198 INFO  [Log] go_to_cart() PASSED 
2022-07-30 11:21:28,231 ERROR [Log] is_current_product() FAILED :no such element: Unable to locate element: {"method":"css selector","selector":"#productTitle"}
  (Session info: chrome=103.0.5060.134)
For documentation on this error, please visit: https://www.seleniumhq.org/exceptions/no_such_element.html
Build info: version: '3.141.59', revision: 'e82be7d358', time: '2018-11-14T08:17:03'
System info: host: 'NRD5CG5396W33', ip: '192.168.1.34', os.name: 'Windows 10', os.arch: 'amd64', os.version: '10.0', java.version: '18.0.2'
Driver info: org.openqa.selenium.chrome.ChromeDriver
Capabilities {acceptInsecureCerts: false, browserName: chrome, browserVersion: 103.0.5060.134, chrome: {chromedriverVersion: 103.0.5060.134 (8ec6fce403b..., userDataDir: C:\Users\basevim\AppData\Lo...}, goog:chromeOptions: {debuggerAddress: localhost:58622}, javascriptEnabled: true, networkConnectionEnabled: false, pageLoadStrategy: normal, platform: WINDOWS, platformName: WINDOWS, proxy: Proxy(), setWindowRect: true, strictFileInteractability: false, timeouts: {implicit: 0, pageLoad: 300000, script: 30000}, unhandledPromptBehavior: dismiss and notify, webauthn:extension:credBlob: true, webauthn:extension:largeBlob: true, webauthn:virtualAuthenticators: true}
Session ID: e6dbc020f9b1775dde6255abb249a241
*** Element info: {Using=id, value=productTitle} 
2022-07-30 11:22:12,405 INFO  [Log] search_a_product() PASSED 
2022-07-30 11:22:15,660 INFO  [Log] select_a_product() PASSED 
2022-07-30 11:22:19,685 INFO  [Log] add_product_to_cart() PASSED 
2022-07-30 11:22:24,351 INFO  [Log] go_to_cart() PASSED 
2022-07-30 11:22:24,396 ERROR [Log] is_current_product() FAILED :no such element: Unable to locate element: {"method":"css selector","selector":"#productTitle"}
  (Session info: chrome=103.0.5060.134)
For documentation on this error, please visit: https://www.seleniumhq.org/exceptions/no_such_element.html
Build info: version: '3.141.59', revision: 'e82be7d358', time: '2018-11-14T08:17:03'
System info: host: 'NRD5CG5396W33', ip: '192.168.1.34', os.name: 'Windows 10', os.arch: 'amd64', os.version: '10.0', java.version: '18.0.2'
Driver info: org.openqa.selenium.chrome.ChromeDriver
Capabilities {acceptInsecureCerts: false, browserName: chrome, browserVersion: 103.0.5060.134, chrome: {chromedriverVersion: 103.0.5060.134 (8ec6fce403b..., userDataDir: C:\Users\basevim\AppData\Lo...}, goog:chromeOptions: {debuggerAddress: localhost:58713}, javascriptEnabled: true, networkConnectionEnabled: false, pageLoadStrategy: normal, platform: WINDOWS, platformName: WINDOWS, proxy: Proxy(), setWindowRect: true, strictFileInteractability: false, timeouts: {implicit: 0, pageLoad: 300000, script: 30000}, unhandledPromptBehavior: dismiss and notify, webauthn:extension:credBlob: true, webauthn:extension:largeBlob: true, webauthn:virtualAuthenticators: true}
Session ID: 3fffda40cfd67f46ac5f0f16d19e0bd4
*** Element info: {Using=id, value=productTitle} 
2022-07-30 11:26:31,477 INFO  [Log] search_a_product() PASSED 
2022-07-30 11:26:35,031 INFO  [Log] select_a_product() PASSED 
2022-07-30 11:26:38,628 INFO  [Log] add_product_to_cart() PASSED 
2022-07-30 11:26:42,730 INFO  [Log] go_to_cart() PASSED 
2022-07-30 11:26:42,779 ERROR [Log] is_current_product() FAILED :no such element: Unable to locate element: {"method":"css selector","selector":"#productTitle"}
  (Session info: chrome=103.0.5060.134)
For documentation on this error, please visit: https://www.seleniumhq.org/exceptions/no_such_element.html
Build info: version: '3.141.59', revision: 'e82be7d358', time: '2018-11-14T08:17:03'
System info: host: 'NRD5CG5396W33', ip: '192.168.1.34', os.name: 'Windows 10', os.arch: 'amd64', os.version: '10.0', java.version: '18.0.2'
Driver info: org.openqa.selenium.chrome.ChromeDriver
Capabilities {acceptInsecureCerts: false, browserName: chrome, browserVersion: 103.0.5060.134, chrome: {chromedriverVersion: 103.0.5060.134 (8ec6fce403b..., userDataDir: C:\Users\basevim\AppData\Lo...}, goog:chromeOptions: {debuggerAddress: localhost:58902}, javascriptEnabled: true, networkConnectionEnabled: false, pageLoadStrategy: normal, platform: WINDOWS, platformName: WINDOWS, proxy: Proxy(), setWindowRect: true, strictFileInteractability: false, timeouts: {implicit: 0, pageLoad: 300000, script: 30000}, unhandledPromptBehavior: dismiss and notify, webauthn:extension:credBlob: true, webauthn:extension:largeBlob: true, webauthn:virtualAuthenticators: true}
Session ID: 43f03903cac6aafe2036ca13127a6fcb
*** Element info: {Using=id, value=productTitle} 
2022-07-30 11:30:58,226 INFO  [Log] search_a_product() PASSED 
2022-07-30 11:31:04,233 INFO  [Log] select_a_product() PASSED 
2022-07-30 11:31:08,634 INFO  [Log] add_product_to_cart() PASSED 
2022-07-30 11:31:12,628 INFO  [Log] go_to_cart() PASSED 
2022-07-30 11:31:12,659 ERROR [Log] is_current_product() FAILED :no such element: Unable to locate element: {"method":"css selector","selector":"#productTitle"}
  (Session info: chrome=103.0.5060.134)
For documentation on this error, please visit: https://www.seleniumhq.org/exceptions/no_such_element.html
Build info: version: '3.141.59', revision: 'e82be7d358', time: '2018-11-14T08:17:03'
System info: host: 'NRD5CG5396W33', ip: '192.168.1.34', os.name: 'Windows 10', os.arch: 'amd64', os.version: '10.0', java.version: '18.0.2'
Driver info: org.openqa.selenium.chrome.ChromeDriver
Capabilities {acceptInsecureCerts: false, browserName: chrome, browserVersion: 103.0.5060.134, chrome: {chromedriverVersion: 103.0.5060.134 (8ec6fce403b..., userDataDir: C:\Users\basevim\AppData\Lo...}, goog:chromeOptions: {debuggerAddress: localhost:59109}, javascriptEnabled: true, networkConnectionEnabled: false, pageLoadStrategy: normal, platform: WINDOWS, platformName: WINDOWS, proxy: Proxy(), setWindowRect: true, strictFileInteractability: false, timeouts: {implicit: 0, pageLoad: 300000, script: 30000}, unhandledPromptBehavior: dismiss and notify, webauthn:extension:credBlob: true, webauthn:extension:largeBlob: true, webauthn:virtualAuthenticators: true}
Session ID: a4c91b329b6f1469bb745dd12d7b4051
*** Element info: {Using=id, value=productTitle} 
2022-07-30 11:33:24,473 INFO  [Log] search_a_product() PASSED 
2022-07-30 11:33:30,997 INFO  [Log] select_a_product() PASSED 
2022-07-30 11:33:35,976 INFO  [Log] add_product_to_cart() PASSED 
2022-07-30 11:33:40,412 INFO  [Log] go_to_cart() PASSED 
2022-07-30 11:33:40,442 ERROR [Log] is_current_product() FAILED :no such element: Unable to locate element: {"method":"xpath","selector":"//*[@id='productTitle']"}
  (Session info: chrome=103.0.5060.134)
For documentation on this error, please visit: https://www.seleniumhq.org/exceptions/no_such_element.html
Build info: version: '3.141.59', revision: 'e82be7d358', time: '2018-11-14T08:17:03'
System info: host: 'NRD5CG5396W33', ip: '192.168.1.34', os.name: 'Windows 10', os.arch: 'amd64', os.version: '10.0', java.version: '18.0.2'
Driver info: org.openqa.selenium.chrome.ChromeDriver
Capabilities {acceptInsecureCerts: false, browserName: chrome, browserVersion: 103.0.5060.134, chrome: {chromedriverVersion: 103.0.5060.134 (8ec6fce403b..., userDataDir: C:\Users\basevim\AppData\Lo...}, goog:chromeOptions: {debuggerAddress: localhost:59263}, javascriptEnabled: true, networkConnectionEnabled: false, pageLoadStrategy: normal, platform: WINDOWS, platformName: WINDOWS, proxy: Proxy(), setWindowRect: true, strictFileInteractability: false, timeouts: {implicit: 0, pageLoad: 300000, script: 30000}, unhandledPromptBehavior: dismiss and notify, webauthn:extension:credBlob: true, webauthn:extension:largeBlob: true, webauthn:virtualAuthenticators: true}
Session ID: 189546567442e68de161e392188b97db
*** Element info: {Using=xpath, value=//*[@id='productTitle']} 
2022-07-30 11:40:26,739 INFO  [Log] search_a_product() PASSED 
2022-07-30 11:40:31,004 INFO  [Log] select_a_product() PASSED 
2022-07-30 11:40:33,821 INFO  [Log] add_product_to_cart() PASSED 
2022-07-30 11:40:37,055 INFO  [Log] go_to_cart() PASSED 
2022-07-30 11:40:37,058 INFO  [Log] is_current_product() PASSED 
2022-07-30 14:05:43,818 INFO  [Log] search_a_product() PASSED 
2022-07-30 14:05:48,933 INFO  [Log] select_a_product() PASSED 
2022-07-30 14:05:57,937 INFO  [Log] add_product_to_cart() PASSED 
2022-07-30 14:06:03,710 INFO  [Log] go_to_cart() PASSED 
2022-07-30 14:06:03,713 INFO  [Log] is_current_product() PASSED 
2022-08-01 12:23:21,398 INFO  [Log] search_a_product() PASSED 
2022-08-01 12:23:26,155 INFO  [Log] select_a_product() PASSED 
2022-08-01 12:23:29,508 INFO  [Log] add_product_to_cart() PASSED 
2022-08-01 12:23:31,364 INFO  [Log] go_to_cart() PASSED 
2022-08-01 12:23:31,372 INFO  [Log] is_current_product() PASSED 
2022-08-01 12:24:11,522 INFO  [Log] search_a_product() PASSED 
2022-08-01 12:24:15,728 INFO  [Log] select_a_product() PASSED 
2022-08-01 12:24:18,610 INFO  [Log] add_product_to_cart() PASSED 
2022-08-01 12:24:21,952 INFO  [Log] go_to_cart() PASSED 
2022-08-01 12:24:21,952 INFO  [Log] is_current_product() PASSED 
2022-08-01 12:32:13,729 INFO  [Log] search_a_product() PASSED 
2022-08-01 12:32:18,466 INFO  [Log] select_a_product() PASSED 
2022-08-01 12:32:22,544 INFO  [Log] add_product_to_cart() PASSED 
2022-08-01 12:32:26,169 INFO  [Log] go_to_cart() PASSED 
2022-08-01 12:32:26,177 INFO  [Log] is_current_product() PASSED 
2022-08-01 12:38:04,855 INFO  [Log] search_a_product() PASSED 
2022-08-01 12:38:09,828 INFO  [Log] select_a_product() PASSED 
2022-08-01 12:38:12,014 INFO  [Log] add_product_to_cart() PASSED 
2022-08-01 12:38:13,773 INFO  [Log] go_to_cart() PASSED 
2022-08-01 12:38:13,773 INFO  [Log] is_current_product() PASSED 
2022-08-01 14:35:42,474 ERROR [Log] login() FAILED :Expected condition failed: waiting for visibility of element located by By.id: nav_ya_signin (tried for 5 second(s) with 500 milliseconds interval) 
2022-08-01 14:37:07,592 ERROR [Log] login() FAILED :Expected condition failed: waiting for visibility of element located by By.id: nav_ya_signin (tried for 5 second(s) with 500 milliseconds interval) 
2022-08-01 14:40:41,927 INFO  [Log] login() PASSED 
2022-08-01 14:41:45,402 INFO  [Log] login() PASSED 
2022-08-01 14:43:59,801 INFO  [Log] login() PASSED 
2022-08-01 14:44:05,603 INFO  [Log] search_a_product() PASSED 
2022-08-01 14:44:10,187 INFO  [Log] select_a_product() PASSED 
2022-08-01 14:44:12,042 INFO  [Log] add_product_to_cart() PASSED 
2022-08-01 14:44:15,536 INFO  [Log] go_to_cart() PASSED 
2022-08-01 14:44:15,539 INFO  [Log] is_current_product() PASSED 
2022-08-01 15:36:13,668 INFO  [Log] login() PASSED 
2022-08-01 15:36:21,088 INFO  [Log] search_a_product() PASSED 
2022-08-01 15:36:25,761 INFO  [Log] select_a_product() PASSED 
2022-08-01 15:36:27,396 INFO  [Log] add_product_to_cart() PASSED 
2022-08-01 15:36:31,127 INFO  [Log] go_to_cart() PASSED 
2022-08-01 15:36:31,130 INFO  [Log] is_current_product() PASSED 
2022-08-01 15:36:48,132 ERROR [Log] add_to_favorites_list() FAILED :chrome not reachable
  (Session info: chrome=103.0.5060.134)
Build info: version: '3.141.59', revision: 'e82be7d358', time: '2018-11-14T08:17:03'
System info: host: 'NRD5CG5396W33', ip: '192.168.1.34', os.name: 'Windows 10', os.arch: 'amd64', os.version: '10.0', java.version: '18.0.2'
Driver info: org.openqa.selenium.chrome.ChromeDriver
Capabilities {acceptInsecureCerts: false, browserName: chrome, browserVersion: 103.0.5060.134, chrome: {chromedriverVersion: 103.0.5060.134 (8ec6fce403b..., userDataDir: C:\Users\basevim\AppData\Lo...}, goog:chromeOptions: {debuggerAddress: localhost:50005}, javascriptEnabled: true, networkConnectionEnabled: false, pageLoadStrategy: normal, platform: WINDOWS, platformName: WINDOWS, proxy: Proxy(), setWindowRect: true, strictFileInteractability: false, timeouts: {implicit: 0, pageLoad: 300000, script: 30000}, unhandledPromptBehavior: dismiss and notify, webauthn:extension:credBlob: true, webauthn:extension:largeBlob: true, webauthn:virtualAuthenticators: true}
Session ID: 472db8b609d811ba9f41b91764c8fbf2
*** Element info: {Using=id, value=add-to-wishlist-button-submit} 
2022-08-01 15:39:53,083 INFO  [Log] login() PASSED 
2022-08-01 15:39:58,930 INFO  [Log] search_a_product() PASSED 
2022-08-01 15:40:03,524 INFO  [Log] select_a_product() PASSED 
2022-08-01 15:40:06,885 INFO  [Log] add_to_favorites_list() PASSED 
2022-08-01 16:27:26,371 INFO  [Log] login() PASSED 
2022-08-01 16:27:32,171 INFO  [Log] search_a_product() PASSED 
2022-08-01 16:27:35,890 INFO  [Log] select_a_product() PASSED 
2022-08-01 16:27:40,024 INFO  [Log] add_to_favorites_list() PASSED 
2022-08-02 11:19:50,992 INFO  [Log] login() PASSED 
2022-08-02 11:19:57,469 INFO  [Log] search_a_product() PASSED 
2022-08-02 11:20:03,147 INFO  [Log] select_a_product() PASSED 
2022-08-02 11:20:06,674 INFO  [Log] add_to_favorites_list() PASSED 
2022-08-02 11:31:29,454 INFO  [Log] login() PASSED 
2022-08-02 11:31:36,207 INFO  [Log] search_a_product() PASSED 
2022-08-02 11:31:41,361 INFO  [Log] select_a_product() PASSED 
2022-08-02 11:31:45,205 INFO  [Log] add_to_favorites_list() PASSED 
2022-08-02 12:47:49,006 INFO  [Log] login() PASSED 
2022-08-02 12:47:55,558 INFO  [Log] search_a_product() PASSED 
2022-08-02 12:48:00,295 INFO  [Log] select_a_product() PASSED 
2022-08-02 12:48:02,484 INFO  [Log] add_product_to_cart() PASSED 
2022-08-02 12:48:06,526 INFO  [Log] go_to_cart() PASSED 
2022-08-02 12:48:06,622 INFO  [Log] is_current_product() PASSED 
2022-08-02 12:48:30,178 INFO  [Log] login() PASSED 
2022-08-02 12:48:36,761 INFO  [Log] search_a_product() PASSED 
2022-08-02 12:48:41,976 INFO  [Log] select_a_product() PASSED 
2022-08-02 12:48:44,923 INFO  [Log] add_to_favorites_list() PASSED 
2022-08-02 12:57:07,704 INFO  [Log] login() PASSED 
2022-08-02 12:57:12,167 INFO  [Log] go_to_my_list() PASSED 
2022-08-02 13:25:32,006 INFO  [Log] login() PASSED 
2022-08-02 13:25:36,241 INFO  [Log] go_to_my_list() PASSED 
2022-08-02 13:25:36,449 INFO  [Log] delete_the_product() PASSED 
2022-08-02 13:33:34,407 INFO  [Log] login() PASSED 
2022-08-02 13:33:38,480 INFO  [Log] go_to_my_list() PASSED 
2022-08-02 13:33:39,316 INFO  [Log] delete_the_product() PASSED 
2022-08-03 10:30:14,095 INFO  [Log] login() PASSED 
2022-08-03 10:30:19,237 INFO  [Log] search_a_product() PASSED 
2022-08-03 10:30:23,847 INFO  [Log] select_a_product() PASSED 
2022-08-03 10:30:26,860 INFO  [Log] add_to_favorites_list() PASSED 
2022-08-03 14:22:56,259 INFO  [Log] login() PASSED 
2022-08-03 14:23:01,457 INFO  [Log] go_to_my_list() PASSED 
2022-08-03 14:23:01,805 INFO  [Log] delete_the_product() PASSED 
2022-08-03 14:23:51,810 INFO  [Log] login() PASSED 
2022-08-03 14:23:55,899 INFO  [Log] go_to_my_list() PASSED 
2022-08-03 14:24:01,231 ERROR [Log] delete_the_product() FAILED :Expected condition failed: waiting for visibility of element located by By.name: submit.deleteItem (tried for 5 second(s) with 500 milliseconds interval) 
2022-08-03 14:46:46,309 INFO  [Log] login() PASSED 
2022-08-03 14:46:50,235 INFO  [Log] go_to_my_list() PASSED 
2022-08-03 14:46:50,454 INFO  [Log] delete_the_product() PASSED 
2022-08-03 14:47:13,339 INFO  [Log] login() PASSED 
2022-08-03 14:47:17,214 INFO  [Log] go_to_my_list() PASSED 
2022-08-03 14:47:22,461 ERROR [Log] delete_the_product() FAILED :Expected condition failed: waiting for visibility of element located by By.name: submit.deleteItem (tried for 5 second(s) with 500 milliseconds interval) 
2022-08-03 15:03:04,832 INFO  [Log] login() PASSED 
2022-08-03 15:03:08,666 INFO  [Log] go_to_my_list() PASSED 
2022-08-03 15:03:13,937 ERROR [Log] delete_the_product() FAILED :Expected condition failed: waiting for visibility of element located by By.name: submit.deleteItem (tried for 5 second(s) with 500 milliseconds interval) 
2022-08-03 15:04:52,359 ERROR [Log] delete_the_product() FAILED :Cannot invoke "FavoritesListPage.deleteProductOfIndex(int)" because "this.favoritesListPage" is null 
2022-08-03 15:07:31,324 INFO  [Log] login() PASSED 
2022-08-03 15:07:34,986 INFO  [Log] go_to_my_list() PASSED 
2022-08-03 15:07:40,268 ERROR [Log] delete_the_product() FAILED :Expected condition failed: waiting for visibility of element located by By.name: submit.deleteItem (tried for 5 second(s) with 500 milliseconds interval) 
2022-08-03 15:13:12,238 INFO  [Log] login() PASSED 
2022-08-03 15:13:15,921 INFO  [Log] go_to_my_list() PASSED 
2022-08-03 15:13:21,231 ERROR [Log] delete_the_product() FAILED :Expected condition failed: waiting for visibility of element located by By.name: submit.deleteItem (tried for 5 second(s) with 500 milliseconds interval) 
2022-08-03 15:19:03,327 INFO  [Log] login() PASSED 
2022-08-03 15:19:07,304 INFO  [Log] go_to_my_list() PASSED 
2022-08-03 15:19:07,387 INFO  [Log] delete_the_product() PASSED 
2022-08-03 15:26:23,060 INFO  [Log] login() PASSED 
2022-08-03 15:26:27,268 INFO  [Log] go_to_my_list() PASSED 
2022-08-03 15:26:27,353 ERROR [Log] delete_the_product() FAILED :null 
2022-08-03 15:29:37,624 INFO  [Log] login() PASSED 
2022-08-03 15:29:41,839 INFO  [Log] go_to_my_list() PASSED 
2022-08-03 15:29:47,399 ERROR [Log] delete_the_product() FAILED :Expected condition failed: waiting for visibility of element located by By.xpath: //*[@id='anonCarousel1'']/ol/li[2]/div/a[2]/span/div (tried for 5 second(s) with 500 milliseconds interval) 
2022-08-03 15:49:52,699 INFO  [Log] login() PASSED 
2022-08-03 15:49:57,830 ERROR [Log] go_to_my_list() FAILED :Expected condition failed: waiting for visibility of element located by By.id: nav-link-accountList (tried for 5 second(s) with 500 milliseconds interval) 
2022-08-03 15:50:13,550 ERROR [Log] delete_the_product() FAILED :chrome not reachable
  (Session info: chrome=103.0.5060.134)
Build info: version: '3.141.59', revision: 'e82be7d358', time: '2018-11-14T08:17:03'
System info: host: 'NRD5CG5396W33', ip: '192.168.1.34', os.name: 'Windows 10', os.arch: 'amd64', os.version: '10.0', java.version: '18.0.2'
Driver info: org.openqa.selenium.chrome.ChromeDriver
Capabilities {acceptInsecureCerts: false, browserName: chrome, browserVersion: 103.0.5060.134, chrome: {chromedriverVersion: 103.0.5060.134 (8ec6fce403b..., userDataDir: C:\Users\basevim\AppData\Lo...}, goog:chromeOptions: {debuggerAddress: localhost:50641}, javascriptEnabled: true, networkConnectionEnabled: false, pageLoadStrategy: normal, platform: WINDOWS, platformName: WINDOWS, proxy: Proxy(), setWindowRect: true, strictFileInteractability: false, timeouts: {implicit: 0, pageLoad: 300000, script: 30000}, unhandledPromptBehavior: dismiss and notify, webauthn:extension:credBlob: true, webauthn:extension:largeBlob: true, webauthn:virtualAuthenticators: true}
Session ID: a5addc8da176dd23d90f6779951695e9
*** Element info: {Using=id, value=no-items-section} 
2022-08-03 15:53:29,313 INFO  [Log] login() PASSED 
2022-08-03 15:53:34,440 ERROR [Log] go_to_my_list() FAILED :Expected condition failed: waiting for visibility of element located by By.id: nav-link-accountList (tried for 5 second(s) with 500 milliseconds interval) 
2022-08-03 15:53:39,733 ERROR [Log] delete_the_product() FAILED :Expected condition failed: waiting for visibility of element located by By.id: no-items-section (tried for 5 second(s) with 500 milliseconds interval) 
2022-08-03 15:54:38,882 INFO  [Log] login() PASSED 
2022-08-03 15:54:43,997 ERROR [Log] go_to_my_list() FAILED :Expected condition failed: waiting for visibility of element located by By.id: nav-link-accountList (tried for 5 second(s) with 500 milliseconds interval) 
2022-08-03 15:54:49,246 ERROR [Log] delete_the_product() FAILED :Expected condition failed: waiting for visibility of element located by By.id: no-items-section (tried for 5 second(s) with 500 milliseconds interval) 
2022-08-04 09:31:13,330 INFO  [Log] login() PASSED 
2022-08-04 09:31:18,101 INFO  [Log] go_to_my_list() PASSED 
2022-08-04 09:31:25,120 INFO  [Log] delete_the_product() PASSED 
2022-08-04 14:20:34,394 INFO  [Log] login() PASSED 
2022-08-04 14:20:39,149 INFO  [Log] go_to_my_list() PASSED 
2022-08-04 14:20:48,262 INFO  [Log] delete_the_product() PASSED 
2022-08-04 14:21:18,219 INFO  [Log] login() PASSED 
2022-08-04 14:21:22,673 INFO  [Log] go_to_my_list() PASSED 
2022-08-04 14:21:31,324 INFO  [Log] delete_the_product() PASSED 
2022-08-04 14:22:13,889 INFO  [Log] login() PASSED 
2022-08-04 14:22:18,787 INFO  [Log] go_to_my_list() PASSED 
2022-08-04 14:22:24,139 ERROR [Log] delete_the_product() FAILED :Expected condition failed: waiting for visibility of element located by By.id: no-items-section (tried for 5 second(s) with 500 milliseconds interval) 
2022-08-04 14:28:37,116 INFO  [Log] login() PASSED 
2022-08-04 14:28:41,982 INFO  [Log] go_to_my_list() PASSED 
2022-08-04 14:28:48,054 ERROR [Log] delete_the_product() FAILED :Expected condition failed: waiting for visibility of element located by By.xpath: //*[@id='anonCarousel1']/ol/li[2]/div/a[2]/span/div (tried for 5 second(s) with 500 milliseconds interval) 
2022-08-04 14:29:38,451 INFO  [Log] login() PASSED 
2022-08-04 14:29:43,039 INFO  [Log] go_to_my_list() PASSED 
2022-08-04 14:29:44,044 INFO  [Log] delete_the_product() PASSED 
2022-08-04 14:30:07,952 INFO  [Log] login() PASSED 
2022-08-04 14:30:12,765 INFO  [Log] go_to_my_list() PASSED 
2022-08-04 14:30:18,098 ERROR [Log] delete_the_product() FAILED :Expected condition failed: waiting for visibility of element located by By.name: submit.deleteItem (tried for 5 second(s) with 500 milliseconds interval) 
2022-08-04 14:34:01,735 INFO  [Log] login() PASSED 
2022-08-04 14:34:08,488 INFO  [Log] go_to_my_list() PASSED 
2022-08-04 14:39:50,017 INFO  [Log] login() PASSED 
2022-08-04 14:39:55,272 ERROR [Log] go_to_my_list() FAILED :Expected condition failed: waiting for visibility of element located by By.id: nav-link-accountList (tried for 5 second(s) with 500 milliseconds interval) 
2022-08-04 15:05:52,953 INFO  [Log] login() PASSED 
2022-08-04 15:05:58,081 ERROR [Log] go_to_my_list() FAILED :Expected condition failed: waiting for visibility of element located by By.id: nav-link-accountList (tried for 5 second(s) with 500 milliseconds interval) 
2022-08-04 15:06:03,351 ERROR [Log] delete_the_product() FAILED :Expected condition failed: waiting for visibility of element located by By.id: no-items-section (tried for 5 second(s) with 500 milliseconds interval) 
2022-08-04 15:07:06,029 INFO  [Log] login() PASSED 
2022-08-04 15:07:13,817 ERROR [Log] go_to_my_list() FAILED :Expected condition failed: waiting for visibility of element located by By.xpath: //*[@id="nav-flyout-wl-items"]/div/a (tried for 5 second(s) with 500 milliseconds interval) 
2022-08-04 15:07:19,230 ERROR [Log] delete_the_product() FAILED :Expected condition failed: waiting for visibility of element located by By.id: no-items-section (tried for 5 second(s) with 500 milliseconds interval) 
2022-08-04 15:08:10,076 INFO  [Log] login() PASSED 
2022-08-04 15:08:14,360 INFO  [Log] go_to_my_list() PASSED 
2022-08-04 15:08:22,432 INFO  [Log] delete_the_product() PASSED 
2022-08-04 15:09:34,585 INFO  [Log] login() PASSED 
2022-08-04 15:09:38,461 INFO  [Log] go_to_my_list() PASSED 
2022-08-04 15:09:49,135 ERROR [Log] delete_the_product() FAILED :Expected condition failed: waiting for visibility of element located by By.id: huc-view-your-list-button (tried for 5 second(s) with 500 milliseconds interval) 
2022-08-04 15:12:53,268 INFO  [Log] login() PASSED 
2022-08-04 15:12:57,452 INFO  [Log] go_to_my_list() PASSED 
2022-08-04 15:13:05,499 INFO  [Log] delete_the_product() PASSED 
2022-08-04 15:13:37,776 INFO  [Log] login() PASSED 
2022-08-04 15:13:43,211 INFO  [Log] go_to_my_list() PASSED 
2022-08-04 15:13:48,625 ERROR [Log] delete_the_product() FAILED :Expected condition failed: waiting for visibility of element located by By.id: no-items-section (tried for 5 second(s) with 500 milliseconds interval) 
2022-08-04 15:17:49,303 INFO  [Log] login() PASSED 
2022-08-04 15:17:53,300 INFO  [Log] go_to_my_list() PASSED 
2022-08-04 15:17:58,761 ERROR [Log] delete_the_product() FAILED :Expected condition failed: waiting for visibility of element located by By.id: no-items-section (tried for 5 second(s) with 500 milliseconds interval) 
2022-08-04 15:20:04,742 INFO  [Log] login() PASSED 
2022-08-04 15:20:08,418 INFO  [Log] go_to_my_list() PASSED 
2022-08-04 15:20:13,802 ERROR [Log] delete_the_product() FAILED :Expected condition failed: waiting for visibility of element located by By.id: no-items-section (tried for 5 second(s) with 500 milliseconds interval) 
2022-08-04 15:20:57,383 INFO  [Log] login() PASSED 
2022-08-04 15:21:02,506 INFO  [Log] go_to_my_list() PASSED 
2022-08-04 15:21:07,553 ERROR [Log] delete_the_product() FAILED :Expected condition failed: waiting for visibility of element located by By.id: no-items-section (tried for 5 second(s) with 500 milliseconds interval) 
2022-08-04 15:24:49,262 INFO  [Log] login() PASSED 
2022-08-04 15:24:53,028 INFO  [Log] go_to_my_list() PASSED 
2022-08-04 15:24:59,175 ERROR [Log] delete_the_product() FAILED :Expected condition failed: waiting for visibility of element located by By.xpath: //*[@id='anonCarousel1']/ol/li[2]/div/a[2]/span/div (tried for 5 second(s) with 500 milliseconds interval) 
2022-08-04 15:26:37,923 INFO  [Log] login() PASSED 
2022-08-04 15:26:42,102 INFO  [Log] go_to_my_list() PASSED 
2022-08-04 15:26:48,622 ERROR [Log] delete_the_product() FAILED :Expected condition failed: waiting for visibility of element located by By.xpath: //*[@id='anonCarousel1']/ol/li[2]/div/a[2]/span/div (tried for 5 second(s) with 500 milliseconds interval) 
2022-08-04 15:28:40,969 INFO  [Log] login() PASSED 
2022-08-04 15:28:44,964 INFO  [Log] go_to_my_list() PASSED 
2022-08-04 15:28:45,672 INFO  [Log] delete_the_product() PASSED 
2022-08-04 15:29:05,846 INFO  [Log] login() PASSED 
2022-08-04 15:29:09,669 INFO  [Log] go_to_my_list() PASSED 
2022-08-04 15:29:15,148 ERROR [Log] delete_the_product() FAILED :Expected condition failed: waiting for visibility of element located by By.name: submit.deleteItem (tried for 5 second(s) with 500 milliseconds interval) 
2022-08-04 15:35:47,568 INFO  [Log] login() PASSED 
2022-08-04 15:35:51,943 INFO  [Log] go_to_my_list() PASSED 
2022-08-04 15:35:57,441 ERROR [Log] delete_the_product() FAILED :Expected condition failed: waiting for visibility of element located by By.name: submit.deleteItem (tried for 5 second(s) with 500 milliseconds interval) 
2022-08-04 15:42:01,935 INFO  [Log] login() PASSED 
2022-08-04 15:42:05,946 INFO  [Log] go_to_my_list() PASSED 
2022-08-04 15:42:14,193 INFO  [Log] delete_the_product() PASSED 
2022-08-04 15:43:16,910 INFO  [Log] login() PASSED 
2022-08-04 15:43:21,674 INFO  [Log] go_to_my_list() PASSED 
2022-08-04 15:43:21,713 ERROR [Log] delete_the_product() FAILED :no such element: Unable to locate element: {"method":"css selector","selector":"#no\-items\-section"}
  (Session info: MicrosoftEdge=103.0.1264.77)
For documentation on this error, please visit: https://www.seleniumhq.org/exceptions/no_such_element.html
Build info: version: '3.141.59', revision: 'e82be7d358', time: '2018-11-14T08:17:03'
System info: host: 'NRD5CG5396W33', ip: '192.168.1.34', os.name: 'Windows 10', os.arch: 'amd64', os.version: '10.0', java.version: '18.0.2'
Driver info: org.openqa.selenium.edge.EdgeDriver
Capabilities {acceptInsecureCerts: false, browserName: msedge, browserVersion: 103.0.1264.77, javascriptEnabled: true, ms:edgeOptions: {debuggerAddress: localhost:50566}, msedge: {msedgedriverVersion: 103.0.1264.77 (2b250f2585e4..., userDataDir: C:\Users\basevim\AppData\Lo...}, networkConnectionEnabled: false, pageLoadStrategy: normal, platform: WINDOWS, platformName: WINDOWS, proxy: Proxy(), setWindowRect: true, strictFileInteractability: false, timeouts: {implicit: 0, pageLoad: 300000, script: 30000}, unhandledPromptBehavior: dismiss and notify, webauthn:extension:credBlob: true, webauthn:extension:largeBlob: true, webauthn:virtualAuthenticators: true}
Session ID: 49108fac8790c6243359fbe5e05e8ab0
*** Element info: {Using=id, value=no-items-section} 
2022-08-04 15:50:36,889 INFO  [Log] login() PASSED 
2022-08-04 15:50:42,338 INFO  [Log] go_to_my_list() PASSED 
2022-08-04 15:50:42,361 ERROR [Log] delete_the_product() FAILED :no such element: Unable to locate element: {"method":"css selector","selector":"#no\-items\-section"}
  (Session info: MicrosoftEdge=103.0.1264.77)
For documentation on this error, please visit: https://www.seleniumhq.org/exceptions/no_such_element.html
Build info: version: '3.141.59', revision: 'e82be7d358', time: '2018-11-14T08:17:03'
System info: host: 'NRD5CG5396W33', ip: '192.168.1.34', os.name: 'Windows 10', os.arch: 'amd64', os.version: '10.0', java.version: '18.0.2'
Driver info: org.openqa.selenium.edge.EdgeDriver
Capabilities {acceptInsecureCerts: false, browserName: msedge, browserVersion: 103.0.1264.77, javascriptEnabled: true, ms:edgeOptions: {debuggerAddress: localhost:50738}, msedge: {msedgedriverVersion: 103.0.1264.77 (2b250f2585e4..., userDataDir: C:\Users\basevim\AppData\Lo...}, networkConnectionEnabled: false, pageLoadStrategy: normal, platform: WINDOWS, platformName: WINDOWS, proxy: Proxy(), setWindowRect: true, strictFileInteractability: false, timeouts: {implicit: 0, pageLoad: 300000, script: 30000}, unhandledPromptBehavior: dismiss and notify, webauthn:extension:credBlob: true, webauthn:extension:largeBlob: true, webauthn:virtualAuthenticators: true}
Session ID: 055b5526331e35e02a3113c5eeb3a374
*** Element info: {Using=id, value=no-items-section} 
2022-08-04 16:04:29,334 INFO  [Log] login() PASSED 
2022-08-04 16:04:33,643 INFO  [Log] go_to_my_list() PASSED 
2022-08-04 16:06:24,990 ERROR [Log] delete_the_product() FAILED :Expected condition failed: waiting for visibility of element located by By.id: no-items-section (tried for 5 second(s) with 500 milliseconds interval) 
2022-08-04 16:10:31,828 INFO  [Log] login() PASSED 
2022-08-04 16:10:35,850 INFO  [Log] go_to_my_list() PASSED 
2022-08-04 16:10:35,895 ERROR [Log] delete_the_product() FAILED :no such element: Unable to locate element: {"method":"css selector","selector":"#no\-items\-section"}
  (Session info: MicrosoftEdge=103.0.1264.77)
For documentation on this error, please visit: https://www.seleniumhq.org/exceptions/no_such_element.html
Build info: version: '3.141.59', revision: 'e82be7d358', time: '2018-11-14T08:17:03'
System info: host: 'NRD5CG5396W33', ip: '192.168.1.34', os.name: 'Windows 10', os.arch: 'amd64', os.version: '10.0', java.version: '18.0.2'
Driver info: org.openqa.selenium.edge.EdgeDriver
Capabilities {acceptInsecureCerts: false, browserName: msedge, browserVersion: 103.0.1264.77, javascriptEnabled: true, ms:edgeOptions: {debuggerAddress: localhost:51340}, msedge: {msedgedriverVersion: 103.0.1264.77 (2b250f2585e4..., userDataDir: C:\Users\basevim\AppData\Lo...}, networkConnectionEnabled: false, pageLoadStrategy: normal, platform: WINDOWS, platformName: WINDOWS, proxy: Proxy(), setWindowRect: true, strictFileInteractability: false, timeouts: {implicit: 0, pageLoad: 300000, script: 30000}, unhandledPromptBehavior: dismiss and notify, webauthn:extension:credBlob: true, webauthn:extension:largeBlob: true, webauthn:virtualAuthenticators: true}
Session ID: 6e58c1150b6071b573ad39c52244aa1f
*** Element info: {Using=id, value=no-items-section} 
2022-08-04 16:12:49,763 INFO  [Log] login() PASSED 
2022-08-04 16:12:53,684 INFO  [Log] go_to_my_list() PASSED 
2022-08-04 16:12:59,097 ERROR [Log] delete_the_product() FAILED :Expected condition failed: waiting for visibility of element located by By.id: no-items-section (tried for 5 second(s) with 500 milliseconds interval) 
2022-08-04 16:13:51,549 INFO  [Log] login() PASSED 
2022-08-04 16:13:56,398 INFO  [Log] go_to_my_list() PASSED 
2022-08-04 16:14:01,886 ERROR [Log] delete_the_product() FAILED :Expected condition failed: waiting for visibility of element located by By.id: no-items-section (tried for 5 second(s) with 500 milliseconds interval) 
2022-08-04 16:16:56,713 INFO  [Log] login() PASSED 
2022-08-04 16:17:00,901 INFO  [Log] go_to_my_list() PASSED 
2022-08-04 16:17:06,352 ERROR [Log] delete_the_product() FAILED :Expected condition failed: waiting for visibility of element located by By.id: no-items-section (tried for 5 second(s) with 500 milliseconds interval) 
2022-08-04 16:18:01,773 ERROR [Log] delete_the_product() FAILED :Cannot invoke "FavoritesListPage.deleteProductOfIndex(int)" because "this.favoritesListPage" is null 
2022-08-04 16:21:32,713 INFO  [Log] login() PASSED 
2022-08-04 16:21:37,195 INFO  [Log] go_to_my_list() PASSED 
2022-08-04 16:21:42,555 ERROR [Log] delete_the_product() FAILED :Expected condition failed: waiting for visibility of element located by By.id: no-items-section (tried for 5 second(s) with 500 milliseconds interval) 
2022-08-04 16:22:53,634 INFO  [Log] login() PASSED 
2022-08-04 16:22:58,506 INFO  [Log] go_to_my_list() PASSED 
2022-08-04 16:23:04,012 ERROR [Log] delete_the_product() FAILED :Expected condition failed: waiting for visibility of element located by By.id: no-items-section (tried for 5 second(s) with 500 milliseconds interval) 
2022-08-04 16:24:46,373 INFO  [Log] login() PASSED 
2022-08-04 16:24:50,361 INFO  [Log] go_to_my_list() PASSED 
2022-08-04 16:24:55,841 ERROR [Log] delete_the_product() FAILED :Expected condition failed: waiting for visibility of element located by By.id: no-items-section (tried for 5 second(s) with 500 milliseconds interval) 
2022-08-05 09:56:54,266 INFO  [Log] login() PASSED 
2022-08-05 09:56:59,599 INFO  [Log] go_to_my_list() PASSED 
2022-08-05 09:57:04,830 ERROR [Log] delete_the_product() FAILED :Expected condition failed: waiting for visibility of element located by By.id: no-items-section (tried for 5 second(s) with 500 milliseconds interval) 
2022-08-05 10:03:06,624 INFO  [Log] login() PASSED 
2022-08-05 10:03:10,669 INFO  [Log] go_to_my_list() PASSED 
2022-08-05 10:03:11,552 INFO  [Log] delete_the_product() PASSED 
2022-08-05 10:03:32,926 INFO  [Log] login() PASSED 
2022-08-05 10:03:36,868 INFO  [Log] go_to_my_list() PASSED 
2022-08-05 10:03:42,342 ERROR [Log] delete_the_product() FAILED :Expected condition failed: waiting for visibility of element located by By.xpath: //h2[@class="a-size-base"]/a (tried for 5 second(s) with 500 milliseconds interval) 
2022-08-05 10:09:37,820 INFO  [Log] login() PASSED 
2022-08-05 10:09:42,149 INFO  [Log] go_to_my_list() PASSED 
2022-08-05 10:09:47,684 ERROR [Log] delete_the_product() FAILED :Expected condition failed: waiting for visibility of element located by By.xpath: //h2[@class="a-size-base"]/a (tried for 5 second(s) with 500 milliseconds interval) 
2022-08-05 10:26:27,159 INFO  [Log] login() PASSED 
2022-08-05 10:26:29,413 ERROR [Log] go_to_my_list() FAILED :no such element: Unable to locate element: {"method":"xpath","selector":"//*[@id="nav-flyout-wl-items"]/div/a"}
  (Session info: MicrosoftEdge=103.0.1264.77)
For documentation on this error, please visit: https://www.seleniumhq.org/exceptions/no_such_element.html
Build info: version: '3.141.59', revision: 'e82be7d358', time: '2018-11-14T08:17:03'
System info: host: 'NRD5CG5396W33', ip: '192.168.1.34', os.name: 'Windows 10', os.arch: 'amd64', os.version: '10.0', java.version: '18.0.2'
Driver info: org.openqa.selenium.edge.EdgeDriver
Capabilities {acceptInsecureCerts: false, browserName: msedge, browserVersion: 103.0.1264.77, javascriptEnabled: true, ms:edgeOptions: {debuggerAddress: localhost:63306}, msedge: {msedgedriverVersion: 103.0.1264.77 (2b250f2585e4..., userDataDir: C:\Users\basevim\AppData\Lo...}, networkConnectionEnabled: false, pageLoadStrategy: normal, platform: WINDOWS, platformName: WINDOWS, proxy: Proxy(), setWindowRect: true, strictFileInteractability: false, timeouts: {implicit: 0, pageLoad: 300000, script: 30000}, unhandledPromptBehavior: dismiss and notify, webauthn:extension:credBlob: true, webauthn:extension:largeBlob: true, webauthn:virtualAuthenticators: true}
Session ID: a9c9bdb3789da8eb8162dc1e46d77d7d
*** Element info: {Using=xpath, value=//*[@id="nav-flyout-wl-items"]/div/a} 
2022-08-05 10:26:29,827 ERROR [Log] delete_the_product() FAILED :no such element: Unable to locate element: {"method":"xpath","selector":"//*[@id='anonCarousel1']/ol/li[2]/div/a[2]/span/div"}
  (Session info: MicrosoftEdge=103.0.1264.77)
For documentation on this error, please visit: https://www.seleniumhq.org/exceptions/no_such_element.html
Build info: version: '3.141.59', revision: 'e82be7d358', time: '2018-11-14T08:17:03'
System info: host: 'NRD5CG5396W33', ip: '192.168.1.34', os.name: 'Windows 10', os.arch: 'amd64', os.version: '10.0', java.version: '18.0.2'
Driver info: org.openqa.selenium.edge.EdgeDriver
Capabilities {acceptInsecureCerts: false, browserName: msedge, browserVersion: 103.0.1264.77, javascriptEnabled: true, ms:edgeOptions: {debuggerAddress: localhost:63306}, msedge: {msedgedriverVersion: 103.0.1264.77 (2b250f2585e4..., userDataDir: C:\Users\basevim\AppData\Lo...}, networkConnectionEnabled: false, pageLoadStrategy: normal, platform: WINDOWS, platformName: WINDOWS, proxy: Proxy(), setWindowRect: true, strictFileInteractability: false, timeouts: {implicit: 0, pageLoad: 300000, script: 30000}, unhandledPromptBehavior: dismiss and notify, webauthn:extension:credBlob: true, webauthn:extension:largeBlob: true, webauthn:virtualAuthenticators: true}
Session ID: a9c9bdb3789da8eb8162dc1e46d77d7d
*** Element info: {Using=xpath, value=//*[@id='anonCarousel1']/ol/li[2]/div/a[2]/span/div} 
2022-08-05 10:27:07,016 INFO  [Log] login() PASSED 
2022-08-05 10:27:11,453 INFO  [Log] go_to_my_list() PASSED 
2022-08-05 10:27:11,621 INFO  [Log] delete_the_product() PASSED 
2022-08-05 10:27:32,458 INFO  [Log] login() PASSED 
2022-08-05 10:27:36,528 INFO  [Log] go_to_my_list() PASSED 
2022-08-05 10:27:43,140 ERROR [Log] delete_the_product() FAILED :Expected condition failed: waiting for visibility of element located by By.id: add-to-wishlist-button-submit (tried for 5 second(s) with 500 milliseconds interval) 
2022-08-05 10:28:14,972 INFO  [Log] login() PASSED 
2022-08-05 10:28:18,936 INFO  [Log] go_to_my_list() PASSED 
2022-08-05 10:28:26,725 INFO  [Log] delete_the_product() PASSED 
2022-08-05 10:38:03,306 INFO  [Log] login() PASSED 
2022-08-05 10:38:07,375 INFO  [Log] go_to_my_list() PASSED 
2022-08-05 10:38:16,112 INFO  [Log] delete_the_product() PASSED 
2022-08-31 11:49:09,414 INFO  [Log] login() PASSED 
2022-08-31 11:49:15,352 INFO  [Log] search_a_product() PASSED 
2022-08-31 11:49:21,450 ERROR [Log] select_a_product() FAILED :Expected condition failed: waiting for visibility of element located by By.xpath: //*[@id='productTitle'] (tried for 5 second(s) with 500 milliseconds interval) 
2022-08-31 11:49:26,871 ERROR [Log] add_product_to_cart() FAILED :Expected condition failed: waiting for visibility of element located by By.id: add-to-cart-button (tried for 5 second(s) with 500 milliseconds interval) 
2022-08-31 11:49:32,254 ERROR [Log] go_to_cart() FAILED :Expected condition failed: waiting for visibility of element located by By.id: nav-cart-count-container (tried for 5 second(s) with 500 milliseconds interval) 
2022-08-31 11:49:32,290 ERROR [Log] is_current_product() FAILED :Index 0 out of bounds for length 0 
2022-08-31 11:49:41,801 INFO  [Log] login() PASSED 
2022-08-31 11:49:47,226 INFO  [Log] search_a_product() PASSED 
2022-08-31 11:49:51,925 INFO  [Log] select_a_product() PASSED 
2022-08-31 11:49:57,621 ERROR [Log] add_to_favorites_list() FAILED :Expected condition failed: waiting for visibility of element located by By.id: huc-view-your-list-button (tried for 5 second(s) with 500 milliseconds interval) 
2022-08-31 11:50:06,719 INFO  [Log] login() PASSED 
2022-08-31 11:50:10,589 INFO  [Log] go_to_my_list() PASSED 
2022-08-31 11:50:18,991 INFO  [Log] delete_the_product() PASSED 
2022-08-31 11:51:06,426 INFO  [Log] login() PASSED 
2022-08-31 11:51:12,023 INFO  [Log] search_a_product() PASSED 
2022-08-31 11:51:18,093 ERROR [Log] select_a_product() FAILED :Expected condition failed: waiting for visibility of element located by By.xpath: //*[@id='productTitle'] (tried for 5 second(s) with 500 milliseconds interval) 
2022-08-31 11:51:25,104 ERROR [Log] add_product_to_cart() FAILED :Expected condition failed: waiting for visibility of element located by By.id: add-to-cart-button (tried for 5 second(s) with 500 milliseconds interval) 
2022-08-31 11:51:28,613 ERROR [Log] go_to_cart() FAILED :Product is not added ==> expected: <true> but was: <false> 
2022-08-31 11:51:28,682 ERROR [Log] is_current_product() FAILED :Index 0 out of bounds for length 0 
2022-08-31 12:01:15,383 INFO  [Log] login() PASSED 
2022-08-31 12:01:20,426 INFO  [Log] search_a_product() PASSED 
2022-08-31 12:01:26,592 ERROR [Log] select_a_product() FAILED :Expected condition failed: waiting for visibility of element located by By.xpath: //*[@id='productTitle'] (tried for 5 second(s) with 500 milliseconds interval) 
2022-08-31 12:01:31,689 ERROR [Log] add_product_to_cart() FAILED :Expected condition failed: waiting for visibility of element located by By.id: add-to-cart-button (tried for 5 second(s) with 500 milliseconds interval) 
2022-08-31 12:01:35,464 INFO  [Log] go_to_cart() PASSED 
2022-08-31 12:01:35,501 ERROR [Log] is_current_product() FAILED :Cannot invoke "String.equals(Object)" because "this.productTitle" is null 
2022-08-31 12:01:50,067 INFO  [Log] login() PASSED 
2022-08-31 12:01:54,961 INFO  [Log] search_a_product() PASSED 
2022-08-31 12:02:00,590 ERROR [Log] select_a_product() FAILED :Expected condition failed: waiting for visibility of element located by By.xpath: //*[@id='productTitle'] (tried for 5 second(s) with 500 milliseconds interval) 
2022-08-31 12:02:05,894 ERROR [Log] add_to_favorites_list() FAILED :Expected condition failed: waiting for visibility of element located by By.id: add-to-wishlist-button-submit (tried for 5 second(s) with 500 milliseconds interval) 
2022-08-31 12:02:15,194 INFO  [Log] login() PASSED 
2022-08-31 12:02:20,512 ERROR [Log] go_to_my_list() FAILED :Expected condition failed: waiting for visibility of element located by By.id: nav-link-accountList (tried for 5 second(s) with 500 milliseconds interval) 
2022-08-31 12:02:20,535 ERROR [Log] delete_the_product() FAILED :no such window: target window already closed
from unknown error: web view not found
  (Session info: chrome=104.0.5112.102)
Build info: version: '3.141.59', revision: 'e82be7d358', time: '2018-11-14T08:17:03'
System info: host: 'NRD5CG5396W33', ip: '192.168.1.55', os.name: 'Windows 10', os.arch: 'amd64', os.version: '10.0', java.version: '18.0.2'
Driver info: org.openqa.selenium.chrome.ChromeDriver
Capabilities {acceptInsecureCerts: false, browserName: chrome, browserVersion: 104.0.5112.102, chrome: {chromedriverVersion: 104.0.5112.79 (3cf3e8c8a07d..., userDataDir: C:\Users\basevim\AppData\Lo...}, goog:chromeOptions: {debuggerAddress: localhost:50672}, javascriptEnabled: true, networkConnectionEnabled: false, pageLoadStrategy: normal, platform: WINDOWS, platformName: WINDOWS, proxy: Proxy(), setWindowRect: true, strictFileInteractability: false, timeouts: {implicit: 0, pageLoad: 300000, script: 30000}, unhandledPromptBehavior: dismiss and notify, webauthn:extension:credBlob: true, webauthn:extension:largeBlob: true, webauthn:virtualAuthenticators: true}
Session ID: 71ad68a7b3b0047731c55bf23fc59a58
*** Element info: {Using=xpath, value=//h2[@class="a-size-base"]/a} 
2022-08-31 12:07:01,277 INFO  [Log] login() PASSED 
2022-08-31 12:07:01,675 INFO  [Log] login() PASSED 
2022-08-31 12:07:02,782 INFO  [Log] login() PASSED 
2022-08-31 12:07:09,346 INFO  [Log] go_to_my_list() PASSED 
2022-08-31 12:07:12,169 INFO  [Log] search_a_product() PASSED 
2022-08-31 12:07:12,563 INFO  [Log] search_a_product() PASSED 
2022-08-31 12:07:21,091 INFO  [Log] select_a_product() PASSED 
2022-08-31 12:07:22,995 INFO  [Log] select_a_product() PASSED 
2022-08-31 12:07:24,174 INFO  [Log] delete_the_product() PASSED 
2022-08-31 12:07:26,084 INFO  [Log] add_product_to_cart() PASSED 
2022-08-31 12:07:27,721 INFO  [Log] add_to_favorites_list() PASSED 
2022-08-31 12:07:29,727 INFO  [Log] go_to_cart() PASSED 
2022-08-31 12:07:29,795 INFO  [Log] is_current_product() PASSED 
2022-09-01 09:42:47,811 ERROR [Log] login() FAILED :Expected condition failed: waiting for visibility of element located by By.id: sp-cc-accept (tried for 5 second(s) with 500 milliseconds interval) 
2022-09-01 09:42:50,156 INFO  [Log] login() PASSED 
2022-09-01 09:42:50,300 INFO  [Log] login() PASSED 
2022-09-01 09:42:52,955 ERROR [Log] search_a_product() FAILED :Expected condition failed: waiting for visibility of element located by By.id: twotabsearchtextbox (tried for 5 second(s) with 500 milliseconds interval) 
2022-09-01 09:42:53,029 ERROR [Log] select_a_product() FAILED :Index 1 out of bounds for length 0 
2022-09-01 09:42:56,417 INFO  [Log] go_to_my_list() PASSED 
2022-09-01 09:42:57,669 INFO  [Log] delete_the_product() PASSED 
2022-09-01 09:42:58,856 ERROR [Log] add_to_favorites_list() FAILED :Expected condition failed: waiting for visibility of element located by By.id: add-to-wishlist-button-submit (tried for 5 second(s) with 500 milliseconds interval) 
2022-09-01 09:42:59,197 INFO  [Log] search_a_product() PASSED 
2022-09-01 09:43:03,430 INFO  [Log] select_a_product() PASSED 
2022-09-01 09:43:05,833 INFO  [Log] add_product_to_cart() PASSED 
2022-09-01 09:43:07,018 ERROR [Log] go_to_cart() FAILED :Product is not added ==> expected: <true> but was: <false> 
2022-09-01 09:43:07,046 ERROR [Log] is_current_product() FAILED :Index 0 out of bounds for length 0 
2022-09-01 10:41:23,791 INFO  [Log] login() PASSED 
2022-09-01 10:41:24,550 INFO  [Log] login() PASSED 
2022-09-01 10:41:25,776 INFO  [Log] login() PASSED 
2022-09-01 10:41:35,601 INFO  [Log] go_to_my_list() PASSED 
2022-09-01 10:41:36,104 INFO  [Log] search_a_product() PASSED 
2022-09-01 10:41:38,881 INFO  [Log] search_a_product() PASSED 
2022-09-01 10:41:45,399 ERROR [Log] select_a_product() FAILED :Expected condition failed: waiting for visibility of element located by By.xpath: //*[@id='productTitle'] (tried for 5 second(s) with 500 milliseconds interval) 
2022-09-01 10:41:47,363 INFO  [Log] select_a_product() PASSED 
2022-09-01 10:41:50,616 ERROR [Log] add_product_to_cart() FAILED :Expected condition failed: waiting for visibility of element located by By.id: add-to-cart-button (tried for 5 second(s) with 500 milliseconds interval) 
2022-09-01 10:41:52,133 INFO  [Log] add_to_favorites_list() PASSED 
2022-09-01 10:41:52,301 INFO  [Log] delete_the_product() PASSED 
2022-09-01 10:41:55,619 ERROR [Log] go_to_cart() FAILED :Expected condition failed: waiting for visibility of element located by By.id: nav-cart-count-container (tried for 5 second(s) with 500 milliseconds interval) 
2022-09-01 10:41:55,644 ERROR [Log] is_current_product() FAILED :Index 0 out of bounds for length 0 
